<?xml version="1.0" encoding="UTF-8"?>
<testsuite name="User can log in with valid username/password-combination" tests="3" skipped="1" failures="1" errors="0" timestamp="2020-04-27T16:32:47" hostname="DESKTOP-IDLMM8G" time="0.025">
  <properties/>
  <testcase name="user can login with correct password" classname="User can log in with valid username/password-combination" time="0.006"/>
  <testcase name="user can not login with incorrect password" classname="User can log in with valid username/password-combination" time="0.001">
    <skipped/>
  </testcase>
  <testcase name="nonexistent user can not login to" classname="User can log in with valid username/password-combination" time="0.002">
    <failure message="java.lang.AssertionError" type="java.lang.AssertionError">java.lang.AssertionError
	at org.junit.Assert.fail(Assert.java:86)
	at org.junit.Assert.assertTrue(Assert.java:41)
	at org.junit.Assert.assertTrue(Assert.java:52)
	at ohtu.Stepdefs.systemWillRespondWith(Stepdefs.java:45)
	at ✽.system will respond with &quot;new user not registered&quot;(file:src/test/resources/ohtu/login.feature:16)
</failure>
  </testcase>
  <system-out><![CDATA[Feature: User can log in with valid username/password-combination

  Scenario: user can login with correct password           ?[90m# src/test/resources/ohtu/login.feature:3?[0m
    ?[32mGiven ?[0m?[32mcommand login is selected?[0m                        ?[90m# Stepdefs.commandLoginSelected()?[0m
    ?[32mWhen ?[0m?[32musername ?[0m?[32m?[1m"pekka"?[0m?[32m and password ?[0m?[32m?[1m"akkep"?[0m?[32m are entered?[0m ?[90m# Stepdefs.usernameAndPasswordAreEntered(String,String)?[0m
    ?[32mThen ?[0m?[32msystem will respond with ?[0m?[32m?[1m"logged in"?[0m              ?[90m# Stepdefs.systemWillRespondWith(String)?[0m

  Scenario: user can not login with incorrect password          ?[90m# src/test/resources/ohtu/login.feature:8?[0m
    ?[32mGiven ?[0m?[32mcommand login is selected?[0m                             ?[90m# Stepdefs.commandLoginSelected()?[0m
    ?[32mWhen ?[0m?[32musername ?[0m?[32m?[1m"pekka"?[0m?[32m and password ?[0m?[32m?[1m"pekka"?[0m?[32m are entered?[0m      ?[90m# Stepdefs.usernameAndPasswordAreEntered(String,String)?[0m
    ?[33mThen ?[0m?[33msystem will respond with "wrong username or password""?[0m ?[90m# null?[0m

  Scenario: nonexistent user can not login to               ?[90m# src/test/resources/ohtu/login.feature:13?[0m
    ?[32mGiven ?[0m?[32mcommand login is selected?[0m                         ?[90m# Stepdefs.commandLoginSelected()?[0m
    ?[32mWhen ?[0m?[32musername ?[0m?[32m?[1m"suski"?[0m?[32m and password ?[0m?[32m?[1m"iksus"?[0m?[32m are entered?[0m  ?[90m# Stepdefs.usernameAndPasswordAreEntered(String,String)?[0m
    ?[31mThen ?[0m?[31msystem will respond with ?[0m?[31m?[1m"new user not registered"?[0m ?[90m# Stepdefs.systemWillRespondWith(String)?[0m
      ?[31mjava.lang.AssertionError
	at org.junit.Assert.fail(Assert.java:86)
	at org.junit.Assert.assertTrue(Assert.java:41)
	at org.junit.Assert.assertTrue(Assert.java:52)
	at ohtu.Stepdefs.systemWillRespondWith(Stepdefs.java:45)
	at ?.system will respond with "new user not registered"(file:src/test/resources/ohtu/login.feature:16)
?[0m
]]></system-out>
  <system-err><![CDATA[]]></system-err>
</testsuite>
